<?xml version="1.0" encoding="UTF-8"?>
<!-- Generated by org.testng.reporters.JUnitXMLReporter -->
<testsuite ignored="0" hostname="DESKTOP-F3VJ554" failures="2" tests="4" name="Test" time="97.023" errors="0" timestamp="2023-02-14T12:16:54 IST">
  <testcase classname="Tests.LoginPageTest" name="verifyLoginPageWithInvalidCredentials" time="11.182"/>
  <testcase classname="Tests.LoginPageTest" name="verifyLoginPageWithInvalidCredentials" time="1.79">
    <failure type="java.lang.AssertionError" message="Wrong ErrorMessage for Blank Username/psasword!!! expected [Required] but found [Required1232]">
      <![CDATA[java.lang.AssertionError: Wrong ErrorMessage for Blank Username/psasword!!! expected [Required] but found [Required1232]
at Tests.LoginPageTest.verifyLoginPageWithInvalidCredentials(LoginPageTest.java:49)
at java.base/java.util.ArrayList.forEach(ArrayList.java:1511)
... Removed 32 stack frames]]>
    </failure>
  </testcase> <!-- verifyLoginPageWithInvalidCredentials -->
  <testcase classname="Tests.LoginPageTest" name="verifyLoginPageWithInvalidCredentials" time="2.138">
    <failure type="java.lang.AssertionError" message="Wrong ErrorMessage for Blank Username/psasword!!! expected [Required] but found [Required1232]">
      <![CDATA[java.lang.AssertionError: Wrong ErrorMessage for Blank Username/psasword!!! expected [Required] but found [Required1232]
at Tests.LoginPageTest.verifyLoginPageWithInvalidCredentials(LoginPageTest.java:49)
at java.base/java.util.ArrayList.forEach(ArrayList.java:1511)
... Removed 32 stack frames]]>
    </failure>
  </testcase> <!-- verifyLoginPageWithInvalidCredentials -->
  <testcase classname="Tests.LoginPageTest" name="verifyLoginPageWithValidCredentials" time="7.612"/>
</testsuite> <!-- Test -->
